[0.019s] Invoking command in '/home/ur10e/ur_ws/build/gazebo_ros2_control': CMAKE_PREFIX_PATH=${CMAKE_PREFIX_PATH}:/opt/ros/humble /usr/bin/cmake /home/ur10e/ur_ws/src/gazebo_ros2_control/gazebo_ros2_control -DAMENT_CMAKE_SYMLINK_INSTALL=1 -DCMAKE_INSTALL_PREFIX=/home/ur10e/ur_ws/install/gazebo_ros2_control
[0.058s] -- The C compiler identification is GNU 11.4.0
[0.101s] -- The CXX compiler identification is GNU 11.4.0
[0.106s] -- Detecting C compiler ABI info
[0.168s] -- Detecting C compiler ABI info - done
[0.175s] -- Check for working C compiler: /usr/bin/cc - skipped
[0.175s] -- Detecting C compile features
[0.175s] -- Detecting C compile features - done
[0.178s] -- Detecting CXX compiler ABI info
[0.245s] -- Detecting CXX compiler ABI info - done
[0.255s] -- Check for working CXX compiler: /usr/bin/c++ - skipped
[0.255s] -- Detecting CXX compile features
[0.256s] -- Detecting CXX compile features - done
[0.258s] -- Found ament_cmake: 1.3.10 (/opt/ros/humble/share/ament_cmake/cmake)
[0.401s] -- Found Python3: /usr/bin/python3 (found version "3.10.12") found components: Interpreter 
[0.460s] -- Override CMake install command with custom implementation using symlinks instead of copying resources
[0.495s] -- Found angles: 1.15.0 (/opt/ros/humble/share/angles/cmake)
[0.498s] -- Found controller_manager: 2.43.1 (/opt/ros/humble/share/controller_manager/cmake)
[0.546s] -- Found rosidl_generator_c: 3.1.5 (/opt/ros/humble/share/rosidl_generator_c/cmake)
[0.550s] -- Found rosidl_adapter: 3.1.5 (/opt/ros/humble/share/rosidl_adapter/cmake)
[0.558s] -- Found rosidl_generator_cpp: 3.1.5 (/opt/ros/humble/share/rosidl_generator_cpp/cmake)
[0.569s] -- Using all available rosidl_typesupport_c: rosidl_typesupport_fastrtps_c;rosidl_typesupport_introspection_c
[0.584s] -- Using all available rosidl_typesupport_cpp: rosidl_typesupport_fastrtps_cpp;rosidl_typesupport_introspection_cpp
[0.766s] -- Found rmw_implementation_cmake: 6.1.2 (/opt/ros/humble/share/rmw_implementation_cmake/cmake)
[0.769s] -- Found rmw_fastrtps_cpp: 6.2.7 (/opt/ros/humble/share/rmw_fastrtps_cpp/cmake)
[0.793s] -- Found TinyXML2 via Config file: TinyXML2_DIR-NOTFOUND
[0.840s] -- Found OpenSSL: /usr/lib/x86_64-linux-gnu/libcrypto.so (found version "3.0.2")  
[0.840s] -- Found TinyXML2 via Config file: TinyXML2_DIR-NOTFOUND
[0.854s] -- Found FastRTPS: /opt/ros/humble/include  
[0.857s] -- Found TinyXML2 via Config file: TinyXML2_DIR-NOTFOUND
[0.867s] -- Found TinyXML2 via Config file: TinyXML2_DIR-NOTFOUND
[0.873s] -- Using RMW implementation 'rmw_fastrtps_cpp' as default
[0.883s] -- Looking for pthread.h
[0.950s] -- Looking for pthread.h - found
[0.950s] -- Performing Test CMAKE_HAVE_LIBC_PTHREAD
[1.019s] -- Performing Test CMAKE_HAVE_LIBC_PTHREAD - Success
[1.019s] -- Found Threads: TRUE  
[1.115s] -- Found control_toolbox: 3.3.0 (/opt/ros/humble/share/control_toolbox/cmake)
[1.124s] -- Found parameter_traits: 0.3.9 (/opt/ros/humble/share/parameter_traits/cmake)
[1.143s] -- Found gazebo_dev: 3.7.0 (/opt/ros/humble/share/gazebo_dev/cmake)
[1.151s] -- Found PkgConfig: /usr/bin/pkg-config (found version "0.29.2") 
[1.152s] -- Checking for module 'bullet>=2.82'
[1.163s] --   Found bullet, version 3.05
[1.244s] -- Found fcl: /usr/include (found suitable version "0.7.0", minimum required is "0.5.0") 
[1.292s] -- Found assimp: /usr/include (found version "5.2.0") 
[1.310s] -- Found DART: /usr/include (Required is at least version "6.6") found components: dart 
[1.342s] -- Found Boost: /usr/lib/x86_64-linux-gnu/cmake/Boost-1.74.0/BoostConfig.cmake (found suitable version "1.74.0", minimum required is "1.40.0") found components: thread system filesystem program_options regex iostreams date_time 
[1.356s] -- Found Protobuf: /usr/lib/x86_64-linux-gnu/libprotobuf.so (found version "3.12.4") 
[1.362s] -- Looking for ignition-math6 -- found version 6.15.1
[1.368s] -- Searching for dependencies of ignition-math6
[1.369s] -- Looking for OGRE...
[1.369s] -- OGRE_PREFIX_WATCH changed.
[1.373s] -- Checking for module 'OGRE'
[1.385s] --   Found OGRE, version 1.9.0
[1.412s] -- Found Ogre Ghadamon (1.9.0)
[1.419s] -- Found OGRE: optimized;/usr/lib/x86_64-linux-gnu/libOgreMain.so;debug;/usr/lib/x86_64-linux-gnu/libOgreMain.so
[1.429s] -- Looking for OGRE_Paging...
[1.439s] -- Found OGRE_Paging: optimized;/usr/lib/x86_64-linux-gnu/libOgrePaging.so;debug;/usr/lib/x86_64-linux-gnu/libOgrePaging.so
[1.439s] -- Looking for OGRE_Terrain...
[1.444s] -- Found OGRE_Terrain: optimized;/usr/lib/x86_64-linux-gnu/libOgreTerrain.so;debug;/usr/lib/x86_64-linux-gnu/libOgreTerrain.so
[1.444s] -- Looking for OGRE_Property...
[1.450s] -- Found OGRE_Property: optimized;/usr/lib/x86_64-linux-gnu/libOgreProperty.so;debug;/usr/lib/x86_64-linux-gnu/libOgreProperty.so
[1.450s] -- Looking for OGRE_RTShaderSystem...
[1.455s] -- Found OGRE_RTShaderSystem: optimized;/usr/lib/x86_64-linux-gnu/libOgreRTShaderSystem.so;debug;/usr/lib/x86_64-linux-gnu/libOgreRTShaderSystem.so
[1.455s] -- Looking for OGRE_Volume...
[1.461s] -- Found OGRE_Volume: optimized;/usr/lib/x86_64-linux-gnu/libOgreVolume.so;debug;/usr/lib/x86_64-linux-gnu/libOgreVolume.so
[1.461s] -- Looking for OGRE_Overlay...
[1.467s] -- Found OGRE_Overlay: optimized;/usr/lib/x86_64-linux-gnu/libOgreOverlay.so;debug;/usr/lib/x86_64-linux-gnu/libOgreOverlay.so
[1.600s] -- Looking for ignition-math6 -- found version 6.15.1
[1.602s] -- Looking for ignition-transport8 -- found version 8.2.1
[1.602s] -- Searching for dependencies of ignition-transport8
[1.616s] -- Found Protobuf: /usr/lib/x86_64-linux-gnu/libprotobuf.so (found suitable version "3.12.4", minimum required is "3") 
[1.628s] -- Config-file not installed for ZeroMQ -- checking for pkg-config
[1.632s] -- Checking for module 'libzmq >= 4'
[1.644s] --   Found libzmq , version 4.3.4
[1.677s] -- Found ZeroMQ: TRUE (Required is at least version "4") 
[1.682s] -- Checking for module 'uuid'
[1.694s] --   Found uuid, version 2.37.2
[1.723s] -- Found UUID: TRUE  
[1.725s] -- Looking for ignition-msgs5 -- found version 5.8.1
[1.726s] -- Searching for dependencies of ignition-msgs5
[1.744s] -- Looking for ignition-math6 -- found version 6.15.1
[1.752s] -- Checking for module 'tinyxml2'
[1.764s] --   Found tinyxml2, version 9.0.0
[1.791s] -- Looking for ignition-msgs5 -- found version 5.8.1
[1.795s] -- Looking for ignition-common3 -- found version 3.14.0
[1.795s] -- Searching for dependencies of ignition-common3
[1.795s] -- Looking for dlfcn.h - found
[1.795s] -- Looking for libdl - found
[1.796s] -- Found DL: TRUE  
[1.806s] -- Found tinyobjloader: /usr/lib/x86_64-linux-gnu/cmake/tinyobjloader/tinyobjloader-config.cmake (found version "2.0.0") 
[1.806s] -- Searching for <ignition-common3> component [graphics]
[1.809s] -- Looking for ignition-common3-graphics -- found version 3.14.0
[1.810s] -- Searching for dependencies of ignition-common3-graphics
[1.810s] -- Looking for ignition-math6 -- found version 6.15.1
[1.815s] -- Looking for ignition-fuel_tools4 -- found version 4.4.0
[1.815s] -- Searching for dependencies of ignition-fuel_tools4
[1.884s] -- Found CURL: /usr/lib/x86_64-linux-gnu/libcurl.so (found version "7.81.0")  
[1.891s] -- Checking for module 'jsoncpp'
[1.902s] --   Found jsoncpp, version 1.9.5
[1.927s] -- Found JSONCPP: TRUE  
[1.933s] -- Checking for module 'libzip'
[1.952s] --   Found libzip, version 1.7.3
[1.990s] -- Found ZIP: TRUE  
[1.990s] -- Looking for ignition-common3 -- found version 3.14.0
[1.991s] -- Looking for ignition-math6 -- found version 6.15.1
[1.991s] -- Looking for ignition-msgs5 -- found version 5.8.1
[1.995s] -- Gazebo version: 11.10
[1.995s] -- Checking for module 'tbb'
[2.007s] --   Found tbb, version 2021.5.0
[2.040s] -- Found gazebo_ros: 3.7.0 (/opt/ros/humble/share/gazebo_ros/cmake)
[2.045s] -- Found yaml_cpp_vendor: 8.0.2 (/opt/ros/humble/share/yaml_cpp_vendor/cmake)
[2.092s] -- Found ament_cmake_gtest: 1.3.10 (/opt/ros/humble/share/ament_cmake_gtest/cmake)
[2.094s] -- Found ament_lint_auto: 0.12.11 (/opt/ros/humble/share/ament_lint_auto/cmake)
[2.171s] -- Added test 'copyright' to check source files copyright and LICENSE
[2.172s] -- Added test 'cppcheck' to perform static code analysis on C / C++ code
[2.172s] -- Configured cppcheck include dirs: /home/ur10e/ur_ws/src/gazebo_ros2_control/gazebo_ros2_control/include
[2.172s] -- Configured cppcheck exclude dirs and/or files: 
[2.173s] -- Added test 'cpplint' to check C / C++ code against the Google style
[2.173s] -- Configured cpplint exclude dirs and/or files: 
[2.174s] -- Added test 'lint_cmake' to check CMake code style
[2.175s] -- Added test 'uncrustify' to check C / C++ code style
[2.175s] -- Configured uncrustify additional arguments: 
[2.176s] -- Added test 'xmllint' to check XML markup files
[2.178s] -- Configuring done
[2.224s] -- Generating done
[2.224s] -- Build files have been written to: /home/ur10e/ur_ws/build/gazebo_ros2_control
[2.235s] Invoked command in '/home/ur10e/ur_ws/build/gazebo_ros2_control' returned '0': CMAKE_PREFIX_PATH=${CMAKE_PREFIX_PATH}:/opt/ros/humble /usr/bin/cmake /home/ur10e/ur_ws/src/gazebo_ros2_control/gazebo_ros2_control -DAMENT_CMAKE_SYMLINK_INSTALL=1 -DCMAKE_INSTALL_PREFIX=/home/ur10e/ur_ws/install/gazebo_ros2_control
[2.237s] Invoking command in '/home/ur10e/ur_ws/build/gazebo_ros2_control': CMAKE_PREFIX_PATH=${CMAKE_PREFIX_PATH}:/opt/ros/humble /usr/bin/cmake --build /home/ur10e/ur_ws/build/gazebo_ros2_control -- -j8 -l8
[2.283s] [ 25%] [32mBuilding CXX object CMakeFiles/gazebo_hardware_plugins.dir/src/gazebo_system.cpp.o[0m
[2.283s] [ 50%] [32mBuilding CXX object CMakeFiles/gazebo_ros2_control.dir/src/gazebo_ros2_control_plugin.cpp.o[0m
[13.887s] gmake[2]: *** wait: No child processes.  Stop.
[13.887s] gmake[2]: *** Waiting for unfinished jobs....
[13.887s] gmake[2]: *** wait: No child processes.  Stop.
[13.890s] gmake[2]: *** [CMakeFiles/gazebo_ros2_control.dir/build.make:76: CMakeFiles/gazebo_ros2_control.dir/src/gazebo_ros2_control_plugin.cpp.o] Interrupt
[13.891s] gmake[1]: *** [CMakeFiles/Makefile2:139: CMakeFiles/gazebo_ros2_control.dir/all] Interrupt
[13.891s] gmake[1]: *** wait: No child processes.  Stop.
[13.891s] gmake[1]: *** Waiting for unfinished jobs....
[13.891s] gmake[1]: *** wait: No child processes.  Stop.
[13.891s] gmake: *** [Makefile:146: all] Error 2
